<?xml version="1.0" encoding="UTF-8"?>
<testsuite name="edu.samgarcia.repository.OPCharacterRepoImplTest" tests="1" skipped="0" failures="0" errors="0" timestamp="2021-12-24T19:36:54" hostname="DESKTOP-KVS1NQK" time="1.489">
  <properties/>
  <testcase name="get all characters, should return a list" classname="edu.samgarcia.repository.OPCharacterRepoImplTest" time="1.489"/>
  <system-out><![CDATA[2021-12-24 20:36:55.351 [Test worker] DEBUG Exposed - SELECT opchar.id, opchar."name", opchar.img, opchar.about, opchar.rating, opchar."devilFruits", opchar."family" FROM opchar
]]></system-out>
  <system-err><![CDATA[]]></system-err>
</testsuite>
