<?xml version="1.0" encoding="UTF-8"?>
<testsuite name="edu.samgarcia.routes.PageNotFoundTest" tests="1" skipped="0" failures="0" errors="0" timestamp="2021-12-24T15:38:53" hostname="DESKTOP-KVS1NQK" time="2.094">
  <properties/>
  <testcase name="access non existent endpoint, verify correct response" classname="edu.samgarcia.routes.PageNotFoundTest" time="2.094"/>
  <system-out><![CDATA[2021-12-24 16:38:54.260 [Test worker] INFO  ktor.test - Autoreload is disabled because the development mode is off.
2021-12-24 16:38:54.284 [Test worker] INFO  ktor.test - Application started in 0.192 seconds.
]]></system-out>
  <system-err><![CDATA[]]></system-err>
</testsuite>
