<?xml version="1.0" encoding="UTF-8"?>
<testsuite name="edu.samgarcia.routes.RootTest" tests="1" skipped="0" failures="0" errors="0" timestamp="2021-12-24T15:38:55" hostname="DESKTOP-KVS1NQK" time="0.018">
  <properties/>
  <testcase name="access root endpoint, verify correct information" classname="edu.samgarcia.routes.RootTest" time="0.018"/>
  <system-out><![CDATA[]]></system-out>
  <system-err><![CDATA[]]></system-err>
</testsuite>
