<?xml version="1.0" encoding="UTF-8"?>
<testsuite name="edu.samgarcia.routes.onepiece.characters.SearchCharactersKtTest" tests="2" skipped="0" failures="0" errors="0" timestamp="2021-12-24T19:36:58" hostname="DESKTOP-KVS1NQK" time="0.109">
  <properties/>
  <testcase name="access character search endpoint, query all characters, verify correct response" classname="edu.samgarcia.routes.onepiece.characters.SearchCharactersKtTest" time="0.103"/>
  <testcase name="access character search endpoint, no query, verify correct response" classname="edu.samgarcia.routes.onepiece.characters.SearchCharactersKtTest" time="0.006"/>
  <system-out><![CDATA[]]></system-out>
  <system-err><![CDATA[]]></system-err>
</testsuite>
