<?xml version="1.0" encoding="UTF-8"?>
<testsuite name="edu.samgarcia.routes.PageNotFoundTest" tests="1" skipped="0" failures="0" errors="0" timestamp="2021-12-24T19:36:57" hostname="DESKTOP-KVS1NQK" time="0.654">
  <properties/>
  <testcase name="access non existent endpoint, verify correct response" classname="edu.samgarcia.routes.PageNotFoundTest" time="0.654"/>
  <system-out><![CDATA[2021-12-24 20:36:57.747 [Test worker] INFO  ktor.test - Autoreload is disabled because the development mode is off.
2021-12-24 20:36:57.759 [Test worker] INFO  ktor.test - Application started in 0.157 seconds.
]]></system-out>
  <system-err><![CDATA[]]></system-err>
</testsuite>
